<?xml version="1.0" encoding="UTF-8"?>
<!-- Generated by org.testng.reporters.JUnitReportReporter -->
<testsuite hostname="DESKTOP-CN90M96" name="org.test.Adactlogin" tests="3" failures="0" timestamp="25 Dec 2024 15:13:19 GMT" time="28.026" errors="0">
  <testcase name="search" time="8.647" classname="org.test.Adactlogin"/>
  <testcase name="search" time="8.225" classname="org.test.Adactlogin"/>
  <testcase name="search" time="11.154" classname="org.test.Adactlogin"/>
</testsuite> <!-- org.test.Adactlogin -->
